130914 17:13:11 mysqld_safe Starting mysqld daemon with databases from /usr/local/cruciform/lib/mysql/data
/usr/local/cruciform/lib/mysql/bin/mysqld: File './mysql-bin.index' not found (Errcode: 13)
130914 17:13:11 [ERROR] Aborting

130914 17:13:11 [Note] /usr/local/cruciform/lib/mysql/bin/mysqld: Shutdown complete

130914 17:13:11 mysqld_safe mysqld from pid file /usr/local/cruciform/lib/mysql/data/applect-ThinkPad-L430.pid ended
130914 17:41:21 mysqld_safe Starting mysqld daemon with databases from /usr/local/cruciform/lib/mysql/data
/usr/local/cruciform/lib/mysql/bin/mysqld: Table 'mysql.plugin' doesn't exist
130914 17:41:21 [ERROR] Can't open the mysql.plugin table. Please run mysql_upgrade to create it.
130914 17:41:21 InnoDB: The InnoDB memory heap is disabled
130914 17:41:21 InnoDB: Mutexes and rw_locks use GCC atomic builtins
130914 17:41:21 InnoDB: Compressed tables use zlib 1.2.3.4
130914 17:41:21 InnoDB: Initializing buffer pool, size = 128.0M
130914 17:41:21 InnoDB: Completed initialization of buffer pool
InnoDB: The first specified data file ./ibdata1 did not exist:
InnoDB: a new database to be created!
130914 17:41:21  InnoDB: Setting file ./ibdata1 size to 10 MB
InnoDB: Database physically writes the file full: wait...
130914 17:41:22  InnoDB: Log file ./ib_logfile0 did not exist: new to be created
InnoDB: Setting log file ./ib_logfile0 size to 5 MB
InnoDB: Database physically writes the file full: wait...
130914 17:41:22  InnoDB: Log file ./ib_logfile1 did not exist: new to be created
InnoDB: Setting log file ./ib_logfile1 size to 5 MB
InnoDB: Database physically writes the file full: wait...
InnoDB: Doublewrite buffer not found: creating new
InnoDB: Doublewrite buffer created
InnoDB: 127 rollback segment(s) active.
InnoDB: Creating foreign key constraint system tables
InnoDB: Foreign key constraint system tables created
130914 17:41:23  InnoDB: Waiting for the background threads to start
130914 17:41:24 InnoDB: 1.1.8 started; log sequence number 0
130914 17:41:24 [Note] Server hostname (bind-address): '0.0.0.0'; port: 3306
130914 17:41:24 [Note]   - '0.0.0.0' resolves to '0.0.0.0';
130914 17:41:24 [Note] Server socket created on IP: '0.0.0.0'.
130914 17:41:24 [ERROR] Fatal error: Can't open and lock privilege tables: Table 'mysql.host' doesn't exist
130914 17:41:24 mysqld_safe mysqld from pid file /usr/local/cruciform/lib/mysql/data/applect-ThinkPad-L430.pid ended
130914 17:59:46 mysqld_safe Starting mysqld daemon with databases from /usr/local/cruciform/lib/mysql/data
/usr/local/cruciform/lib/mysql/bin/mysqld: File './mysql-bin.index' not found (Errcode: 13)
130914 17:59:46 [ERROR] Aborting

130914 17:59:46 [Note] /usr/local/cruciform/lib/mysql/bin/mysqld: Shutdown complete

130914 17:59:46 mysqld_safe mysqld from pid file /usr/local/cruciform/lib/mysql/data/applect-ThinkPad-L430.pid ended
